<?xml version="1.0" encoding="UTF-8"?>
<!-- Generated by org.testng.reporters.JUnitReportReporter -->
<testsuite hostname="LAPTOP-T3704QHV" name="testcases.testcases" tests="1" failures="0" timestamp="18 Jan 2022 14:38:57 GMT" time="77.882" errors="0">
  <testcase name="createaccount" time="77.882" classname="testcases.testcases"/>
</testsuite> <!-- testcases.testcases -->
